<?xml version="1.0" encoding="UTF-8"?>
<testng-results skipped="0" failed="0" ignored="0" total="1" passed="1">
  <reporter-output>
  </reporter-output>
  <suite name="Default suite" duration-ms="33142" started-at="2019-12-19T20:49:07 IST" finished-at="2019-12-19T20:49:41 IST">
    <groups>
    </groups>
    <test name="Default test" duration-ms="33142" started-at="2019-12-19T20:49:07 IST" finished-at="2019-12-19T20:49:41 IST">
      <class name="com.bigbaskettestcases.testcase.countOnProductListingPage">
        <test-method status="PASS" signature="tc2()[pri:0, instance:com.bigbaskettestcases.testcase.countOnProductListingPage@1a6d8329]" name="tc2" duration-ms="32968" started-at="2019-12-19T20:49:08 IST" finished-at="2019-12-19T20:49:41 IST">
          <reporter-output>
          </reporter-output>
        </test-method> <!-- tc2 -->
      </class> <!-- com.bigbaskettestcases.testcase.countOnProductListingPage -->
    </test> <!-- Default test -->
  </suite> <!-- Default suite -->
</testng-results>
